2025-11-17 09:15:40 | orchestrator | INFO | ContentFactoryOrchestrator initialized
2025-11-17 09:15:40 | orchestrator | INFO | Initializing agents...
2025-11-17 09:15:40 | orchestrator | INFO | Brand voice loaded from memory
2025-11-17 09:15:40 | orchestrator | INFO | All agents initialized
2025-11-17 09:15:40 | orchestrator | INFO | Starting content package creation for: Future of AI Agents in 2025
2025-11-17 09:15:40 | orchestrator | INFO | Step 1: Research Agent working...
2025-11-17 09:16:26 | orchestrator | INFO | Research complete: 33 sources found
2025-11-17 09:16:28 | orchestrator | INFO | Step 2: Creating content...
2025-11-17 09:16:28 | orchestrator | INFO | Creating blog post...
2025-11-17 09:17:29 | orchestrator | INFO | Content created for 1 platforms
2025-11-17 09:17:29 | orchestrator | INFO | Step 3: Fact-Checker Agent verifying...
2025-11-17 09:22:39 | orchestrator | INFO | Fact-checking complete: 75% confidence
2025-11-17 09:22:41 | orchestrator | INFO | Step 4: Editor Agent polishing...
2025-11-17 09:23:17 | orchestrator | INFO | Editing complete: Readability score 46.25900641025643/100
2025-11-17 09:23:19 | orchestrator | INFO | Step 5: SEO Agent optimizing...
2025-11-17 09:24:05 | orchestrator | INFO | SEO optimization complete: Score 92/100
2025-11-17 09:24:05 | orchestrator | INFO | Step 6: Analytics Agent learning...
2025-11-17 09:24:05 | orchestrator | INFO | Analytics complete: 0 patterns identified
2025-11-17 09:24:05 | orchestrator | INFO | Content package complete in 505.51 seconds
2025-11-17 09:25:42 | orchestrator | INFO | ContentFactoryOrchestrator initialized
2025-11-17 09:25:42 | orchestrator | INFO | Initializing agents...
2025-11-17 09:25:42 | orchestrator | INFO | Brand voice loaded from memory
2025-11-17 09:25:42 | orchestrator | INFO | All agents initialized
2025-11-17 09:25:42 | orchestrator | INFO | Starting content package creation for: Why Most Small Businesses Will Fail Cybersecurity in 2025 — And the 5 Things They Could Fix in 30 Days
2025-11-17 09:25:42 | orchestrator | INFO | Step 1: Research Agent working...
2025-11-17 09:26:34 | orchestrator | INFO | Research complete: 31 sources found
2025-11-17 09:26:36 | orchestrator | INFO | Step 2: Creating content...
2025-11-17 09:26:36 | orchestrator | INFO | Creating blog post...
2025-11-17 09:27:33 | orchestrator | INFO | Content created for 1 platforms
2025-11-17 09:27:33 | orchestrator | INFO | Step 3: Fact-Checker Agent verifying...
2025-11-17 09:28:30 | orchestrator | INFO | Fact-checking complete: 89% confidence
2025-11-17 09:28:30 | orchestrator | WARNING | Warning: 2 claims flagged for review
2025-11-17 09:28:32 | orchestrator | INFO | Step 4: Editor Agent polishing...
2025-11-17 09:29:13 | orchestrator | INFO | Editing complete: Readability score 49.88532085561502/100
2025-11-17 09:29:15 | orchestrator | INFO | Step 5: SEO Agent optimizing...
2025-11-17 09:30:23 | orchestrator | INFO | SEO optimization complete: Score 75/100
2025-11-17 09:30:23 | orchestrator | INFO | Step 6: Analytics Agent learning...
2025-11-17 09:30:43 | orchestrator | INFO | Analytics complete: 5 patterns identified
2025-11-17 09:30:43 | orchestrator | INFO | Content package complete in 301.05 seconds
2025-11-17 09:30:43 | orchestrator | INFO | All outputs saved to examples/sample_output/
2025-11-17 09:50:12 | orchestrator | INFO | ContentFactoryOrchestrator initialized
2025-11-17 09:50:12 | orchestrator | INFO | Initializing agents...
2025-11-17 09:50:12 | orchestrator | INFO | Brand voice loaded from memory
2025-11-17 09:50:12 | orchestrator | INFO | All agents initialized
2025-11-17 09:50:12 | orchestrator | INFO | Starting content package creation for: The Hidden Cybersecurity Risks No One Tells Small Business Owners — Until It’s Too Late: A Data-Driven Breakdown for 2025
2025-11-17 09:50:12 | orchestrator | INFO | Step 1: Research Agent working...
2025-11-17 09:50:54 | orchestrator | INFO | Research complete: 29 sources found
2025-11-17 09:50:56 | orchestrator | INFO | Step 2: Creating content...
2025-11-17 09:50:56 | orchestrator | INFO | Creating blog post...
2025-11-17 09:51:51 | orchestrator | INFO | Content created for 1 platforms
2025-11-17 09:51:51 | orchestrator | INFO | Step 3: Fact-Checker Agent verifying...
2025-11-17 09:52:32 | orchestrator | INFO | Fact-checking complete: 93% confidence
2025-11-17 09:52:34 | orchestrator | INFO | Step 4: Editor Agent polishing...
2025-11-17 09:53:07 | orchestrator | INFO | Editing complete: Readability score 54.52250786782062/100
2025-11-17 09:53:09 | orchestrator | INFO | Step 5: SEO Agent optimizing...
2025-11-17 09:53:47 | orchestrator | INFO | SEO optimization complete: Score 92/100
2025-11-17 09:53:47 | orchestrator | INFO | Step 6: Analytics Agent learning...
2025-11-17 09:54:07 | orchestrator | INFO | Analytics complete: 4 patterns identified
2025-11-17 09:54:07 | orchestrator | INFO | Content package complete in 235.41 seconds
2025-11-17 10:08:44 | orchestrator | INFO | ContentFactoryOrchestrator initialized
2025-11-17 10:08:44 | orchestrator | INFO | Initializing agents...
2025-11-17 10:08:44 | orchestrator | INFO | Brand voice loaded from memory
2025-11-17 10:08:44 | orchestrator | INFO | All agents initialized
2025-11-17 10:08:44 | orchestrator | INFO | Starting content package creation for: The Economic Impact of AI Automation on Small Businesses in 2025
2025-11-17 10:08:44 | orchestrator | INFO | Step 1: Research Agent working...
2025-11-17 10:09:33 | orchestrator | INFO | Research complete: 38 sources found
2025-11-17 10:09:35 | orchestrator | INFO | Step 2: Creating content...
2025-11-17 10:09:35 | orchestrator | INFO | Creating blog post...
2025-11-17 10:10:43 | orchestrator | INFO | Creating LinkedIn posts...
2025-11-17 10:10:56 | orchestrator | INFO | Content created for 2 platforms
2025-11-17 10:10:56 | orchestrator | INFO | Step 3: Fact-Checker Agent verifying...
2025-11-17 10:11:17 | orchestrator | INFO | Fact-checking complete: 65% confidence
2025-11-17 10:11:17 | orchestrator | WARNING | Warning: 7 claims flagged for review
2025-11-17 10:11:19 | orchestrator | INFO | Step 4: Editor Agent polishing...
2025-11-17 10:11:49 | orchestrator | INFO | Editing complete: Readability score 48.37836531691195/100
2025-11-17 10:11:51 | orchestrator | INFO | Step 5: SEO Agent optimizing...
2025-11-17 10:12:24 | orchestrator | INFO | SEO optimization complete: Score 92/100
2025-11-17 10:12:24 | orchestrator | INFO | Step 6: Analytics Agent learning...
2025-11-17 10:12:54 | orchestrator | INFO | Analytics complete: 4 patterns identified
2025-11-17 10:12:54 | orchestrator | INFO | Content package complete in 249.97 seconds
2025-11-17 10:12:54 | orchestrator | INFO | All outputs saved to examples/sample_output/
